Sun, 05 Mar 2023 09:56:14 GMT express-session deprecated undefined resave option; provide resave option at ../index.js:16:9
Sun, 05 Mar 2023 09:56:14 GMT express-session deprecated undefined saveUninitialized option; provide saveUninitialized option at ../index.js:16:9
Server is working : Port -  80
Error: Failed to lookup view "login.ejs" in views directory "/home/web/views/views"
    at Function.render (/home/web/node_modules/express/lib/application.js:597:17)
    at ServerResponse.render (/home/web/node_modules/express/lib/response.js:1039:7)
    at /home/web/index.js:55:7
    at Layer.handle [as handle_request] (/home/web/node_modules/express/lib/router/layer.js:95:5)
    at next (/home/web/node_modules/express/lib/router/route.js:144:13)
    at Route.dispatch (/home/web/node_modules/express/lib/router/route.js:114:3)
    at Layer.handle [as handle_request] (/home/web/node_modules/express/lib/router/layer.js:95:5)
    at /home/web/node_modules/express/lib/router/index.js:284:15
    at Function.process_params (/home/web/node_modules/express/lib/router/index.js:346:12)
    at next (/home/web/node_modules/express/lib/router/index.js:280:10)
Error: Failed to lookup view "login.ejs" in views directory "/home/web/views/views"
    at Function.render (/home/web/node_modules/express/lib/application.js:597:17)
    at ServerResponse.render (/home/web/node_modules/express/lib/response.js:1039:7)
    at /home/web/index.js:55:7
    at Layer.handle [as handle_request] (/home/web/node_modules/express/lib/router/layer.js:95:5)
    at next (/home/web/node_modules/express/lib/router/route.js:144:13)
    at Route.dispatch (/home/web/node_modules/express/lib/router/route.js:114:3)
    at Layer.handle [as handle_request] (/home/web/node_modules/express/lib/router/layer.js:95:5)
    at /home/web/node_modules/express/lib/router/index.js:284:15
    at Function.process_params (/home/web/node_modules/express/lib/router/index.js:346:12)
    at next (/home/web/node_modules/express/lib/router/index.js:280:10)
